C51 COMPILER V9.54   CALCULATOR                                                            09/21/2023 22:42:17 PAGE 1   


C51 COMPILER V9.54, COMPILATION OF MODULE CALCULATOR
OBJECT MODULE PLACED IN .\Objects\calculator.obj
COMPILER INVOKED BY: C:\Keil_v5\C51\BIN\C51.EXE calculator.c OPTIMIZE(8,SPEED) BROWSE DEBUG OBJECTEXTEND PRINT(.\Listing
                    -s\calculator.lst) TABS(2) OBJECT(.\Objects\calculator.obj)

line level    source

   1          #include "system.h"
   2          typedef unsigned char u8;
   3          typedef unsigned int u16;
   4          void main()
   5          {
   6   1        unsigned int BI=0x00ff;//用于存储16位二进制数
   7   1        unsigned char HE[6]={0};//用于存储4位十六进制数，后缀H
   8   1        char index=-1;//
   9   1        unsigned char press;//按键值读取
  10   1        unsigned char tmp=16;
  11   1        welcome();
  12   1        while(1)  
  13   1          
  14   1        {
  15   2          delay(1000);
  16   2          //打印字符串，别以字符作为参数
  17   2          if((press=getvalue())!=255)
  18   2          {
  19   3            BI=(BI<<1)+(press=='1');
  20   3            writecmd(0x01);
  21   3            gotoxy(1,0);
  22   3            writedata(press);
  23   3            gotoxy(0,0);
  24   3            tmp=16;
  25   3            while(tmp)
  26   3            {
  27   4              tmp--;
  28   4              writedata((BI>>tmp&1)+'0');
  29   4            }
  30   3          }
  31   2          //update(&BI,HE,&index,press);  
  32   2          
  33   2        }
  34   1      }


MODULE INFORMATION:   STATIC OVERLAYABLE
   CODE SIZE        =    138    ----
   CONSTANT SIZE    =      6    ----
   XDATA SIZE       =   ----    ----
   PDATA SIZE       =   ----    ----
   DATA SIZE        =   ----      11
   IDATA SIZE       =   ----    ----
   BIT SIZE         =   ----    ----
END OF MODULE INFORMATION.


C51 COMPILATION COMPLETE.  0 WARNING(S),  0 ERROR(S)
