C51 COMPILER V9.54   SYSTEM                                                                10/08/2023 14:59:26 PAGE 1   


C51 COMPILER V9.54, COMPILATION OF MODULE SYSTEM
OBJECT MODULE PLACED IN .\Objects\system.obj
COMPILER INVOKED BY: C:\Keil_v5\C51\BIN\C51.EXE system.c OPTIMIZE(8,SPEED) BROWSE DEBUG OBJECTEXTEND PRINT(.\Listings\sy
                    -stem.lst) TABS(2) OBJECT(.\Objects\system.obj)

line level    source

   1          #include "system.h"
   2          void welcome()
   3          {
   4   1        init();
   5   1        printstr("Welcome!");
   6   1        gotoxy(1,0);
   7   1        printstr("bysc");
   8   1        delay(500);
   9   1        writecmd(0x01);
  10   1      }/*
  11          void biToHEX(unsigned int *BI,unsigned char *HE,char index)
  12          {
  13            unsigned char i,j,tmp;
  14            for(i=0;i<4;i++)
  15            {
  16              tmp=(3-i)*4;
  17              for(j=tmp;j<tmp+4;j++)
  18              {
  19                HE[i]=HE[i]<<1+(((*BI)>>j)&1);
  20              }
  21              if(HE[i]>=0&&HE[i]<=9) HE[i]+='0';
  22              else if(HE[i]>=10) HE[i]=HE[i]-10+'A';
  23              HE[4]='H';
  24            }
  25            writecmd(0x01);
  26          //  for(i=index;i>=0;i--) writedata((((*BI)>>i)&1)+'0');
  27            gotoxy(1,0);
  28            printstr(HE);
  29          }
  30          void update(unsigned int *BI,unsigned char *HE,char *index,unsigned char press)
  31          {
  32            (*BI)=(*BI)<<1+(press=='1');
  33            (*index)++;
  34          //  biToHEX(BI,HE,index);
  35          }*/


MODULE INFORMATION:   STATIC OVERLAYABLE
   CODE SIZE        =     40    ----
   CONSTANT SIZE    =     14    ----
   XDATA SIZE       =   ----    ----
   PDATA SIZE       =   ----    ----
   DATA SIZE        =   ----    ----
   IDATA SIZE       =   ----    ----
   BIT SIZE         =   ----    ----
END OF MODULE INFORMATION.


C51 COMPILATION COMPLETE.  0 WARNING(S),  0 ERROR(S)
