C51 COMPILER V9.54   MAIN                                                                  09/19/2023 14:57:57 PAGE 1   


C51 COMPILER V9.54, COMPILATION OF MODULE MAIN
OBJECT MODULE PLACED IN main.OBJ
COMPILER INVOKED BY: C:\Keil_v5\C51\BIN\C51.exe ..\main.c ROM(SMALL) BROWSE DEBUG CODE OBJECTEXTEND PREPRINT OBJECT(main
                    -.OBJ)

line level    source

   1          /* Main.c file generated by New Project wizard
   2           *
   3           * Created:   ÖÜ¶þ 9ÔÂ 19 2023
   4           * Processor: AT89C51
   5           * Compiler:  Keil for 8051
   6           */
   7          
   8          #include <reg51.h>
   9          #include <stdio.h>
  10          #include "lcd1602.h"
*** WARNING C318 IN LINE 10 OF ..\main.c: can't open file 'lcd1602.h'
  11          #include "keyboard.h"
*** WARNING C318 IN LINE 11 OF ..\main.c: can't open file 'keyboard.h'
  12          void main(void)
  13           { 
  14   1         // Write your code here
  15   1         while (1)
  16   1         {
  17   2            init();
*** WARNING C206 IN LINE 17 OF ..\main.c: 'init': missing function-prototype
  18   2         }
  19   1      }
C51 COMPILER V9.54   MAIN                                                                  09/19/2023 14:57:57 PAGE 2   

ASSEMBLY LISTING OF GENERATED OBJECT CODE


             ; FUNCTION main (BEGIN)
                                           ; SOURCE LINE # 12
                                           ; SOURCE LINE # 13
0000         ?C0001:
                                           ; SOURCE LINE # 15
                                           ; SOURCE LINE # 16
                                           ; SOURCE LINE # 17
0000 1100        E     ACALL   init
                                           ; SOURCE LINE # 18
0002 80FC              SJMP    ?C0001
             ; FUNCTION main (END)



MODULE INFORMATION:   STATIC OVERLAYABLE
   CODE SIZE        =      4    ----
   CONSTANT SIZE    =   ----    ----
   XDATA SIZE       =   ----    ----
   PDATA SIZE       =   ----    ----
   DATA SIZE        =   ----    ----
   IDATA SIZE       =   ----    ----
   BIT SIZE         =   ----    ----
END OF MODULE INFORMATION.


C51 COMPILATION COMPLETE.  3 WARNING(S),  0 ERROR(S)
